12:43:24: Creating resource group General
12:43:24: Creating resource group Internal
12:43:24: Creating resource group Autodetect
12:43:24: SceneManagerFactory for type 'DefaultSceneManager' registered.
12:43:24: Registering ResourceManager for type Material
12:43:24: Registering ResourceManager for type Mesh
12:43:24: Registering ResourceManager for type Skeleton
12:43:24: MovableObjectFactory for type 'ParticleSystem' registered.
12:43:24: OverlayElementFactory for type Panel registered.
12:43:24: OverlayElementFactory for type BorderPanel registered.
12:43:24: OverlayElementFactory for type TextArea registered.
12:43:24: Registering ResourceManager for type Font
12:43:24: ArchiveFactory for archive type FileSystem registered.
12:43:24: ArchiveFactory for archive type Zip registered.
12:43:24: DDS codec registering
12:43:24: FreeImage version: 3.13.1
12:43:24: This program uses FreeImage, a free, open source image library supporting all common bitmap formats. See http://freeimage.sourceforge.net for details
12:43:24: Supported formats: bmp,ico,jpg,jif,jpeg,jpe,jng,koa,iff,lbm,mng,pbm,pbm,pcd,pcx,pgm,pgm,png,ppm,ppm,ras,tga,targa,tif,tiff,wap,wbmp,wbm,psd,cut,xbm,xpm,gif,hdr,g3,sgi,exr,j2k,j2c,jp2,pfm,pct,pict,pic,bay,bmq,cr2,crw,cs1,dc2,dcr,dng,erf,fff,hdr,k25,kdc,mdc,mos,mrw,nef,orf,pef,pxn,raf,raw,rdc,sr2,srf,arw,3fr,cine,ia,kc2,mef,nrw,qtk,rw2,sti,drf,dsc,ptx,cap,iiq,rwz
12:43:24: Registering ResourceManager for type HighLevelGpuProgram
12:43:24: Registering ResourceManager for type Compositor
12:43:24: MovableObjectFactory for type 'Entity' registered.
12:43:24: MovableObjectFactory for type 'Light' registered.
12:43:24: MovableObjectFactory for type 'BillboardSet' registered.
12:43:24: MovableObjectFactory for type 'ManualObject' registered.
12:43:24: MovableObjectFactory for type 'BillboardChain' registered.
12:43:24: MovableObjectFactory for type 'RibbonTrail' registered.
12:43:24: OGRE EXCEPTION(6:FileNotFoundException): 'plugins.cfg' file not found! in ConfigFile::load at /Users/davidrogers/Documents/Development/Ogre/ogre-v1-7-1/OgreMain/src/OgreConfigFile.cpp (line 83)
12:43:24: plugins.cfg not found, automatic plugin loading disabled.
12:43:24: *-*-* OGRE Initialising
12:43:24: *-*-* Version 1.7.1 (Cthugha)
12:43:24: OGRE EXCEPTION(6:FileNotFoundException): '../Resources/resources.cfg' file not found! in ConfigFile::load at /Users/davidrogers/Documents/Development/Ogre/ogre-v1-7-1/OgreMain/src/OgreConfigFile.cpp (line 83)
