12:43:42: Creating resource group General
12:43:42: Creating resource group Internal
12:43:42: Creating resource group Autodetect
12:43:42: SceneManagerFactory for type 'DefaultSceneManager' registered.
12:43:42: Registering ResourceManager for type Material
12:43:42: Registering ResourceManager for type Mesh
12:43:42: Registering ResourceManager for type Skeleton
12:43:42: MovableObjectFactory for type 'ParticleSystem' registered.
12:43:42: OverlayElementFactory for type Panel registered.
12:43:42: OverlayElementFactory for type BorderPanel registered.
12:43:42: OverlayElementFactory for type TextArea registered.
12:43:42: Registering ResourceManager for type Font
12:43:42: ArchiveFactory for archive type FileSystem registered.
12:43:42: ArchiveFactory for archive type Zip registered.
12:43:42: DDS codec registering
12:43:42: FreeImage version: 3.13.1
12:43:42: This program uses FreeImage, a free, open source image library supporting all common bitmap formats. See http://freeimage.sourceforge.net for details
12:43:42: Supported formats: bmp,ico,jpg,jif,jpeg,jpe,jng,koa,iff,lbm,mng,pbm,pbm,pcd,pcx,pgm,pgm,png,ppm,ppm,ras,tga,targa,tif,tiff,wap,wbmp,wbm,psd,cut,xbm,xpm,gif,hdr,g3,sgi,exr,j2k,j2c,jp2,pfm,pct,pict,pic,bay,bmq,cr2,crw,cs1,dc2,dcr,dng,erf,fff,hdr,k25,kdc,mdc,mos,mrw,nef,orf,pef,pxn,raf,raw,rdc,sr2,srf,arw,3fr,cine,ia,kc2,mef,nrw,qtk,rw2,sti,drf,dsc,ptx,cap,iiq,rwz
12:43:42: Registering ResourceManager for type HighLevelGpuProgram
12:43:42: Registering ResourceManager for type Compositor
12:43:42: MovableObjectFactory for type 'Entity' registered.
12:43:42: MovableObjectFactory for type 'Light' registered.
12:43:42: MovableObjectFactory for type 'BillboardSet' registered.
12:43:42: MovableObjectFactory for type 'ManualObject' registered.
12:43:42: MovableObjectFactory for type 'BillboardChain' registered.
12:43:42: MovableObjectFactory for type 'RibbonTrail' registered.
12:43:42: Loading library /Users/yoda/Projects/sandbox/Plugins/RenderSystem_GL
12:43:42: Installing plugin: GL RenderSystem
12:43:42: OpenGL Rendering Subsystem created.
12:43:42: Plugin successfully installed
12:43:42: Loading library /Users/yoda/Projects/sandbox/Plugins/Plugin_ParticleFX
12:43:42: Installing plugin: ParticleFX
12:43:42: Particle Emitter Type 'Point' registered
12:43:42: Particle Emitter Type 'Box' registered
12:43:42: Particle Emitter Type 'Ellipsoid' registered
12:43:42: Particle Emitter Type 'Cylinder' registered
12:43:42: Particle Emitter Type 'Ring' registered
12:43:42: Particle Emitter Type 'HollowEllipsoid' registered
12:43:42: Particle Affector Type 'LinearForce' registered
12:43:42: Particle Affector Type 'ColourFader' registered
12:43:42: Particle Affector Type 'ColourFader2' registered
12:43:42: Particle Affector Type 'ColourImage' registered
12:43:42: Particle Affector Type 'ColourInterpolator' registered
12:43:42: Particle Affector Type 'Scaler' registered
12:43:42: Particle Affector Type 'Rotator' registered
12:43:42: Particle Affector Type 'DirectionRandomiser' registered
12:43:42: Particle Affector Type 'DeflectorPlane' registered
12:43:42: Plugin successfully installed
12:43:42: Loading library /Users/yoda/Projects/sandbox/Plugins/Plugin_BSPSceneManager
12:43:42: Installing plugin: BSP Scene Manager
12:43:42: Plugin successfully installed
12:43:42: Loading library /Users/yoda/Projects/sandbox/Plugins/Plugin_CgProgramManager
12:43:42: Installing plugin: Cg Program Manager
12:43:42: Plugin successfully installed
12:43:42: Loading library /Users/yoda/Projects/sandbox/Plugins/Plugin_PCZSceneManager
12:43:42: Installing plugin: Portal Connected Zone Scene Manager
12:43:42: PCZone Factory Type 'ZoneType_Default' registered
12:43:42: Plugin successfully installed
12:43:42: Loading library /Users/yoda/Projects/sandbox/Plugins/Plugin_OctreeZone
12:43:42: Installing plugin: Octree Zone Factory
12:43:42: Plugin successfully installed
12:43:42: Loading library /Users/yoda/Projects/sandbox/Plugins/Plugin_OctreeSceneManager
12:43:42: Installing plugin: Octree & Terrain Scene Manager
12:43:42: Plugin successfully installed
12:43:42: *-*-* OGRE Initialising
12:43:42: *-*-* Version 1.7.1 (Cthugha)
12:43:42: Creating resource group Essential
12:43:42: Added resource location 'media/thumbnails' of type 'FileSystem' to resource group 'Essential'
12:43:42: Added resource location 'media/packs/SdkTrays.zip' of type 'Zip' to resource group 'Essential'
12:43:42: Added resource location 'media' of type 'FileSystem' to resource group 'General'
12:43:42: Creating resource group Popular
12:43:42: Added resource location 'media/fonts' of type 'FileSystem' to resource group 'Popular'
12:43:42: Added resource location 'media/materials/programs' of type 'FileSystem' to resource group 'Popular'
12:43:42: Added resource location 'media/materials/scripts' of type 'FileSystem' to resource group 'Popular'
12:43:42: Added resource location 'media/materials/textures' of type 'FileSystem' to resource group 'Popular'
12:43:42: Added resource location 'media/materials/textures/nvidia' of type 'FileSystem' to resource group 'Popular'
12:43:42: Added resource location 'media/models' of type 'FileSystem' to resource group 'Popular'
12:43:42: Added resource location 'media/particle' of type 'FileSystem' to resource group 'Popular'
12:43:42: Added resource location 'media/DeferredShadingMedia' of type 'FileSystem' to resource group 'Popular'
12:43:42: Added resource location 'media/PCZAppMedia' of type 'FileSystem' to resource group 'Popular'
12:43:42: Added resource location 'media/RTShaderLib' of type 'FileSystem' to resource group 'Popular'
12:43:42: Added resource location 'media/RTShaderLib/materials' of type 'FileSystem' to resource group 'Popular'
12:43:42: Added resource location 'media/packs/cubemap.zip' of type 'Zip' to resource group 'Popular'
12:43:42: Added resource location 'media/packs/cubemapsJS.zip' of type 'Zip' to resource group 'Popular'
12:43:42: Added resource location 'media/packs/dragon.zip' of type 'Zip' to resource group 'Popular'
12:43:42: Added resource location 'media/packs/fresneldemo.zip' of type 'Zip' to resource group 'Popular'
12:43:42: Added resource location 'media/packs/ogretestmap.zip' of type 'Zip' to resource group 'Popular'
12:43:42: Added resource location 'media/packs/ogredance.zip' of type 'Zip' to resource group 'Popular'
12:43:42: Added resource location 'media/packs/Sinbad.zip' of type 'Zip' to resource group 'Popular'
12:43:42: Added resource location 'media/packs/skybox.zip' of type 'Zip' to resource group 'Popular'
12:43:42: OGRE EXCEPTION(6:FileNotFoundException): 'ogre.cfg' file not found! in ConfigFile::load at /Users/davidrogers/Documents/Development/Ogre/ogre-v1-7-1/OgreMain/src/OgreConfigFile.cpp (line 83)
